This is pdfTeX, Version 3.141592653-2.6-1.40.25 (MiKTeX 24.1) (preloaded format=pdflatex 2024.6.25)  26 JUN 2024 23:44
entering extended mode
 restricted \write18 enabled.
 %&-line parsing enabled.
**./Prototype2.tex
(Prototype2.tex
LaTeX2e <2023-11-01> patch level 1
L3 programming layer <2024-01-04>
(C:\Users\Fulfilled\AppData\Local\Programs\MiKTeX\tex/latex/base\report.cls
Document Class: report 2023/05/17 v1.4n Standard LaTeX document class
(C:\Users\Fulfilled\AppData\Local\Programs\MiKTeX\tex/latex/base\size12.clo
File: size12.clo 2023/05/17 v1.4n Standard LaTeX file (size option)
)
\c@part=\count187
\c@chapter=\count188
\c@section=\count189
\c@subsection=\count190
\c@subsubsection=\count191
\c@paragraph=\count192
\c@subparagraph=\count193
\c@figure=\count194
\c@table=\count195
\abovecaptionskip=\skip48
\belowcaptionskip=\skip49
\bibindent=\dimen140
)
(C:\Users\Fulfilled\AppData\Local\Programs\MiKTeX\tex/latex/hyperref\hyperref.s
ty
Package: hyperref 2023-11-26 v7.01g Hypertext links for LaTeX

(C:\Users\Fulfilled\AppData\Local\Programs\MiKTeX\tex/generic/iftex\iftex.sty
Package: iftex 2022/02/03 v1.0f TeX engine tests
)
(C:\Users\Fulfilled\AppData\Local\Programs\MiKTeX\tex/generic/infwarerr\infware
rr.sty
Package: infwarerr 2019/12/03 v1.5 Providing info/warning/error messages (HO)
)
(C:\Users\Fulfilled\AppData\Local\Programs\MiKTeX\tex/latex/graphics\keyval.sty
Package: keyval 2022/05/29 v1.15 key=value parser (DPC)
\KV@toks@=\toks17
)
(C:\Users\Fulfilled\AppData\Local\Programs\MiKTeX\tex/latex/kvsetkeys\kvsetkeys
.sty
Package: kvsetkeys 2022-10-05 v1.19 Key value parser (HO)
)
(C:\Users\Fulfilled\AppData\Local\Programs\MiKTeX\tex/generic/kvdefinekeys\kvde
finekeys.sty
Package: kvdefinekeys 2019-12-19 v1.6 Define keys (HO)
)
(C:\Users\Fulfilled\AppData\Local\Programs\MiKTeX\tex/generic/pdfescape\pdfesca
pe.sty
Package: pdfescape 2019/12/09 v1.15 Implements pdfTeX's escape features (HO)

(C:\Users\Fulfilled\AppData\Local\Programs\MiKTeX\tex/generic/ltxcmds\ltxcmds.s
ty
Package: ltxcmds 2023-12-04 v1.26 LaTeX kernel commands for general use (HO)
)
(C:\Users\Fulfilled\AppData\Local\Programs\MiKTeX\tex/generic/pdftexcmds\pdftex
cmds.sty
Package: pdftexcmds 2020-06-27 v0.33 Utility functions of pdfTeX for LuaTeX (HO
)
Package pdftexcmds Info: \pdf@primitive is available.
Package pdftexcmds Info: \pdf@ifprimitive is available.
Package pdftexcmds Info: \pdfdraftmode found.
))
(C:\Users\Fulfilled\AppData\Local\Programs\MiKTeX\tex/latex/hycolor\hycolor.sty
Package: hycolor 2020-01-27 v1.10 Color options for hyperref/bookmark (HO)
)
(C:\Users\Fulfilled\AppData\Local\Programs\MiKTeX\tex/latex/letltxmacro\letltxm
acro.sty
Package: letltxmacro 2019/12/03 v1.6 Let assignment for LaTeX macros (HO)
)
(C:\Users\Fulfilled\AppData\Local\Programs\MiKTeX\tex/latex/auxhook\auxhook.sty
Package: auxhook 2019-12-17 v1.6 Hooks for auxiliary files (HO)
)
(C:\Users\Fulfilled\AppData\Local\Programs\MiKTeX\tex/latex/hyperref\nameref.st
y
Package: nameref 2023-11-26 v2.56 Cross-referencing by name of section

(C:\Users\Fulfilled\AppData\Local\Programs\MiKTeX\tex/latex/refcount\refcount.s
ty
Package: refcount 2019/12/15 v3.6 Data extraction from label references (HO)
)
(C:\Users\Fulfilled\AppData\Local\Programs\MiKTeX\tex/generic/gettitlestring\ge
ttitlestring.sty
Package: gettitlestring 2019/12/15 v1.6 Cleanup title references (HO)

(C:\Users\Fulfilled\AppData\Local\Programs\MiKTeX\tex/latex/kvoptions\kvoptions
.sty
Package: kvoptions 2022-06-15 v3.15 Key value format for package options (HO)
))
\c@section@level=\count196
)
(C:\Users\Fulfilled\AppData\Local\Programs\MiKTeX\tex/latex/etoolbox\etoolbox.s
ty
Package: etoolbox 2020/10/05 v2.5k e-TeX tools for LaTeX (JAW)
\etb@tempcnta=\count197
)
\@linkdim=\dimen141
\Hy@linkcounter=\count198
\Hy@pagecounter=\count199

(C:\Users\Fulfilled\AppData\Local\Programs\MiKTeX\tex/latex/hyperref\pd1enc.def
File: pd1enc.def 2023-11-26 v7.01g Hyperref: PDFDocEncoding definition (HO)
Now handling font encoding PD1 ...
... no UTF-8 mapping file for font encoding PD1
)
(C:\Users\Fulfilled\AppData\Local\Programs\MiKTeX\tex/generic/intcalc\intcalc.s
ty
Package: intcalc 2019/12/15 v1.3 Expandable calculations with integers (HO)
)
\Hy@SavedSpaceFactor=\count266

(C:\Users\Fulfilled\AppData\Local\Programs\MiKTeX\tex/latex/hyperref\puenc.def
File: puenc.def 2023-11-26 v7.01g Hyperref: PDF Unicode definition (HO)
Now handling font encoding PU ...
... no UTF-8 mapping file for font encoding PU
)
Package hyperref Info: Hyper figures OFF on input line 4181.
Package hyperref Info: Link nesting OFF on input line 4186.
Package hyperref Info: Hyper index ON on input line 4189.
Package hyperref Info: Plain pages OFF on input line 4196.
Package hyperref Info: Backreferencing OFF on input line 4201.
Package hyperref Info: Implicit mode ON; LaTeX internals redefined.
Package hyperref Info: Bookmarks ON on input line 4448.
\c@Hy@tempcnt=\count267
(C:\Users\Fulfilled\AppData\Local\Programs\MiKTeX\tex/latex/url\url.sty
\Urlmuskip=\muskip16
Package: url 2013/09/16  ver 3.4  Verb mode for urls, etc.
)
LaTeX Info: Redefining \url on input line 4786.
\XeTeXLinkMargin=\dimen142

(C:\Users\Fulfilled\AppData\Local\Programs\MiKTeX\tex/generic/bitset\bitset.sty
Package: bitset 2019/12/09 v1.3 Handle bit-vector datatype (HO)

(C:\Users\Fulfilled\AppData\Local\Programs\MiKTeX\tex/generic/bigintcalc\bigint
calc.sty
Package: bigintcalc 2019/12/15 v1.5 Expandable calculations on big integers (HO
)
))
\Fld@menulength=\count268
\Field@Width=\dimen143
\Fld@charsize=\dimen144
Package hyperref Info: Hyper figures OFF on input line 6065.
Package hyperref Info: Link nesting OFF on input line 6070.
Package hyperref Info: Hyper index ON on input line 6073.
Package hyperref Info: backreferencing OFF on input line 6080.
Package hyperref Info: Link coloring OFF on input line 6085.
Package hyperref Info: Link coloring with OCG OFF on input line 6090.
Package hyperref Info: PDF/A mode OFF on input line 6095.

(C:\Users\Fulfilled\AppData\Local\Programs\MiKTeX\tex/latex/base\atbegshi-ltx.s
ty
Package: atbegshi-ltx 2021/01/10 v1.0c Emulation of the original atbegshi
package with kernel methods
)
\Hy@abspage=\count269
\c@Item=\count270
\c@Hfootnote=\count271
)
Package hyperref Info: Driver (autodetected): hpdftex.

(C:\Users\Fulfilled\AppData\Local\Programs\MiKTeX\tex/latex/hyperref\hpdftex.de
f
File: hpdftex.def 2023-11-26 v7.01g Hyperref driver for pdfTeX

(C:\Users\Fulfilled\AppData\Local\Programs\MiKTeX\tex/latex/base\atveryend-ltx.
sty
Package: atveryend-ltx 2020/08/19 v1.0a Emulation of the original atveryend pac
kage
with kernel methods
)
\Fld@listcount=\count272
\c@bookmark@seq@number=\count273

(C:\Users\Fulfilled\AppData\Local\Programs\MiKTeX\tex/latex/rerunfilecheck\reru
nfilecheck.sty
Package: rerunfilecheck 2022-07-10 v1.10 Rerun checks for auxiliary files (HO)

(C:\Users\Fulfilled\AppData\Local\Programs\MiKTeX\tex/generic/uniquecounter\uni
quecounter.sty
Package: uniquecounter 2019/12/15 v1.4 Provide unlimited unique counter (HO)
)
Package uniquecounter Info: New unique counter `rerunfilecheck' on input line 2
85.
)
\Hy@SectionHShift=\skip50
)
(C:\Users\Fulfilled\AppData\Local\Programs\MiKTeX\tex/latex/titlesec\titlesec.s
ty
Package: titlesec 2023/10/27 v2.16 Sectioning titles
\ttl@box=\box51
\beforetitleunit=\skip51
\aftertitleunit=\skip52
\ttl@plus=\dimen145
\ttl@minus=\dimen146
\ttl@toksa=\toks18
\titlewidth=\dimen147
\titlewidthlast=\dimen148
\titlewidthfirst=\dimen149
)
(C:\Users\Fulfilled\AppData\Local\Programs\MiKTeX\tex/latex/amsmath\amsmath.sty
Package: amsmath 2023/05/13 v2.17o AMS math features
\@mathmargin=\skip53
For additional information on amsmath, use the `?' option.

(C:\Users\Fulfilled\AppData\Local\Programs\MiKTeX\tex/latex/amsmath\amstext.sty
Package: amstext 2021/08/26 v2.01 AMS text
(C:\Users\Fulfilled\AppData\Local\Programs\MiKTeX\tex/latex/amsmath\amsgen.sty
File: amsgen.sty 1999/11/30 v2.0 generic functions
\@emptytoks=\toks19
\ex@=\dimen150
))
(C:\Users\Fulfilled\AppData\Local\Programs\MiKTeX\tex/latex/amsmath\amsbsy.sty
Package: amsbsy 1999/11/29 v1.2d Bold Symbols
\pmbraise@=\dimen151
) (C:\Users\Fulfilled\AppData\Local\Programs\MiKTeX\tex/latex/amsmath\amsopn.st
y
Package: amsopn 2022/04/08 v2.04 operator names
)
\inf@bad=\count274
LaTeX Info: Redefining \frac on input line 234.
\uproot@=\count275
\leftroot@=\count276
LaTeX Info: Redefining \overline on input line 399.
LaTeX Info: Redefining \colon on input line 410.
\classnum@=\count277
\DOTSCASE@=\count278
LaTeX Info: Redefining \ldots on input line 496.
LaTeX Info: Redefining \dots on input line 499.
LaTeX Info: Redefining \cdots on input line 620.
\Mathstrutbox@=\box52
\strutbox@=\box53
LaTeX Info: Redefining \big on input line 722.
LaTeX Info: Redefining \Big on input line 723.
LaTeX Info: Redefining \bigg on input line 724.
LaTeX Info: Redefining \Bigg on input line 725.
\big@size=\dimen152
LaTeX Font Info:    Redeclaring font encoding OML on input line 743.
LaTeX Font Info:    Redeclaring font encoding OMS on input line 744.
\macc@depth=\count279
LaTeX Info: Redefining \bmod on input line 905.
LaTeX Info: Redefining \pmod on input line 910.
LaTeX Info: Redefining \smash on input line 940.
LaTeX Info: Redefining \relbar on input line 970.
LaTeX Info: Redefining \Relbar on input line 971.
\c@MaxMatrixCols=\count280
\dotsspace@=\muskip17
\c@parentequation=\count281
\dspbrk@lvl=\count282
\tag@help=\toks20
\row@=\count283
\column@=\count284
\maxfields@=\count285
\andhelp@=\toks21
\eqnshift@=\dimen153
\alignsep@=\dimen154
\tagshift@=\dimen155
\tagwidth@=\dimen156
\totwidth@=\dimen157
\lineht@=\dimen158
\@envbody=\toks22
\multlinegap=\skip54
\multlinetaggap=\skip55
\mathdisplay@stack=\toks23
LaTeX Info: Redefining \[ on input line 2953.
LaTeX Info: Redefining \] on input line 2954.
)
(C:\Users\Fulfilled\AppData\Local\Programs\MiKTeX\tex/latex/graphics\graphicx.s
ty
Package: graphicx 2021/09/16 v1.2d Enhanced LaTeX Graphics (DPC,SPQR)

(C:\Users\Fulfilled\AppData\Local\Programs\MiKTeX\tex/latex/graphics\graphics.s
ty
Package: graphics 2022/03/10 v1.4e Standard LaTeX Graphics (DPC,SPQR)

(C:\Users\Fulfilled\AppData\Local\Programs\MiKTeX\tex/latex/graphics\trig.sty
Package: trig 2021/08/11 v1.11 sin cos tan (DPC)
)
(C:\Users\Fulfilled\AppData\Local\Programs\MiKTeX\tex/latex/graphics-cfg\graphi
cs.cfg
File: graphics.cfg 2016/06/04 v1.11 sample graphics configuration
)
Package graphics Info: Driver file: pdftex.def on input line 107.

(C:\Users\Fulfilled\AppData\Local\Programs\MiKTeX\tex/latex/graphics-def\pdftex
.def
File: pdftex.def 2022/09/22 v1.2b Graphics/color driver for pdftex
))
\Gin@req@height=\dimen159
\Gin@req@width=\dimen160
)
(C:\Users\Fulfilled\AppData\Local\Programs\MiKTeX\tex/latex/l3backend\l3backend
-pdftex.def
File: l3backend-pdftex.def 2024-01-04 L3 backend support: PDF output (pdfTeX)
\l__color_backend_stack_int=\count286
\l__pdf_internal_box=\box54
) (Prototype2.aux

LaTeX Warning: Label `ceo' multiply defined.

)
\openout1 = `Prototype2.aux'.

LaTeX Font Info:    Checking defaults for OML/cmm/m/it on input line 14.
LaTeX Font Info:    ... okay on input line 14.
LaTeX Font Info:    Checking defaults for OMS/cmsy/m/n on input line 14.
LaTeX Font Info:    ... okay on input line 14.
LaTeX Font Info:    Checking defaults for OT1/cmr/m/n on input line 14.
LaTeX Font Info:    ... okay on input line 14.
LaTeX Font Info:    Checking defaults for T1/cmr/m/n on input line 14.
LaTeX Font Info:    ... okay on input line 14.
LaTeX Font Info:    Checking defaults for TS1/cmr/m/n on input line 14.
LaTeX Font Info:    ... okay on input line 14.
LaTeX Font Info:    Checking defaults for OMX/cmex/m/n on input line 14.
LaTeX Font Info:    ... okay on input line 14.
LaTeX Font Info:    Checking defaults for U/cmr/m/n on input line 14.
LaTeX Font Info:    ... okay on input line 14.
LaTeX Font Info:    Checking defaults for PD1/pdf/m/n on input line 14.
LaTeX Font Info:    ... okay on input line 14.
LaTeX Font Info:    Checking defaults for PU/pdf/m/n on input line 14.
LaTeX Font Info:    ... okay on input line 14.
Package hyperref Info: Link coloring OFF on input line 14.
 (Prototype2.out) (Prototype2.out)
\@outlinefile=\write3
\openout3 = `Prototype2.out'.


(C:\Users\Fulfilled\AppData\Local\Programs\MiKTeX\tex/context/base/mkii\supp-pd
f.mkii
[Loading MPS to PDF converter (version 2006.09.02).]
\scratchcounter=\count287
\scratchdimen=\dimen161
\scratchbox=\box55
\nofMPsegments=\count288
\nofMParguments=\count289
\everyMPshowfont=\toks24
\MPscratchCnt=\count290
\MPscratchDim=\dimen162
\MPnumerator=\count291
\makeMPintoPDFobject=\count292
\everyMPtoPDFconversion=\toks25
)
(C:\Users\Fulfilled\AppData\Local\Programs\MiKTeX\tex/latex/epstopdf-pkg\epstop
df-base.sty
Package: epstopdf-base 2020-01-24 v2.11 Base part for package epstopdf
Package epstopdf-base Info: Redefining graphics rule for `.eps' on input line 4
85.

(C:\Users\Fulfilled\AppData\Local\Programs\MiKTeX\tex/latex/00miktex\epstopdf-s
ys.cfg
File: epstopdf-sys.cfg 2021/03/18 v2.0 Configuration of epstopdf for MiKTeX
)) [1

{C:/Users/Fulfilled/AppData/Local/MiKTeX/fonts/map/pdftex/pdftex.map}] (Prototy
pe2.toc [1

] [2] [3])
\tf@toc=\write4
\openout4 = `Prototype2.toc'.

 [4]
Chapter 1.

Overfull \hbox (0.6998pt too wide) in paragraph at lines 37--37
|[]\OT1/cmr/bx/n/17.28 Importance for Com-puter Sci-ence Un-der-
 []


Overfull \hbox (2.97003pt too wide) in paragraph at lines 55--56
[]\OT1/cmr/bx/n/12 Interdisciplinary Per-spec-tives: \OT1/cmr/m/n/12 Col-lab-o-
ra-tions with pro-fes-sion-als from
 []


pdfTeX warning (ext4): destination with the same identifier (name{page.1}) has 
been already used, duplicate ignored
<to be read again> 
                   \relax 
l.56 	
       [1

]
Overfull \hbox (1.8549pt too wide) in paragraph at lines 63--64
[]\OT1/cmr/bx/n/12 Hands-on Project Op-por-tu-ni-ties: \OT1/cmr/m/n/12 Some fie
ld trips may in-clude hands-
 []

[2] [3]
Chapter 2.
[4

] [5] [6]
Overfull \hbox (18.00221pt too wide) in paragraph at lines 191--192
[]\OT1/cmr/bx/n/12 Operations\OT1/cmr/m/n/12 : CWG PLC op-er-ates from of-fices
 in Ghana, Uganda, Cameroon,
 []

[7]
Overfull \hbox (28.73483pt too wide) in paragraph at lines 218--219
[]\OT1/cmr/bx/n/12 Union Bank of Cameroon\OT1/cmr/m/n/12 : Ex-tend-ing CWG PLC'
s reach into Cameroon's
 []

[8] [9] [10] [11] [12]
Overfull \hbox (4.98749pt too wide) in paragraph at lines 322--323
[]\OT1/cmr/bx/n/12 Business In-tel-li-gence: \OT1/cmr/m/n/12 Ad-vanced an-a-lyt
-ics for bet-ter decision-making. 
 []

[13] [14]
Overfull \hbox (3.27975pt too wide) in paragraph at lines 352--352
|[]\OT1/cmr/bx/n/17.28 KuleanPay: Ad-vanced Fraud Pre-ven-tion
 []

[15]
Overfull \hbox (11.7558pt too wide) in paragraph at lines 409--409
|[]\OT1/cmr/bx/n/17.28 BillsnPay: Com-pre-hen-sive Air-time Vend-
 []

[16] [17] [18]
Overfull \hbox (2.53906pt too wide) in paragraph at lines 486--487
[]\OT1/cmr/bx/n/12 Customer Man-age-ment: \OT1/cmr/m/n/12 Com-pre-hen-sive cus-
tomer re-la-tion-ship man-
 []


Overfull \hbox (1.27652pt too wide) in paragraph at lines 510--511
[]\OT1/cmr/bx/n/12 Customizable Re-ports: \OT1/cmr/m/n/12 Abil-ity to gen-er-at
e cus-tomized re-ports based
 []

[19]
Overfull \hbox (4.45848pt too wide) in paragraph at lines 538--539
[]\OT1/cmr/bx/n/12 Improved Pro-duc-tiv-ity: \OT1/cmr/m/n/12 En-hances pro-duc-
tiv-ity by stream-lin-ing busi-
 []

[20]
Overfull \hbox (2.0383pt too wide) in paragraph at lines 575--576
[]\OT1/cmr/bx/n/12 Messaging: \OT1/cmr/m/n/12 In-stant mes-sag-ing for quick co
m-mu-ni-ca-tion be-tween users. 
 []

[21]
Overfull \hbox (10.04698pt too wide) in paragraph at lines 587--588
[]\OT1/cmr/bx/n/12 Task Man-age-ment: \OT1/cmr/m/n/12 Tools for as-sign-ing and
 track-ing tasks and projects. 
 []


Overfull \hbox (6.7057pt too wide) in paragraph at lines 596--597
[]\OT1/cmr/bx/n/12 Improved Co-or-di-na-tion: \OT1/cmr/m/n/12 Fa-cil-i-tates be
t-ter co-or-di-na-tion among teams
 []

[22] [23] [24]
Chapter 3.

Overfull \hbox (13.08566pt too wide) in paragraph at lines 665--665
|[]\OT1/cmr/bx/n/17.28 Understanding the Struc-ture of CWG PLC| 
 []


Overfull \hbox (4.4348pt too wide) in paragraph at lines 672--673
[]\OT1/cmr/m/n/12 Servers: From high-performance com-put-ing servers to industr
y-standard
 []

[25

] [26] [27] [28] [29] [30]
Overfull \hbox (2.57648pt too wide) in paragraph at lines 803--804
\OT1/cmr/m/n/12 Converged and hyper-converged in-fras-truc-tures rep-re-sent di
f-fer-ent ap-proaches
 []


Overfull \hbox (0.99242pt too wide) in paragraph at lines 807--808
[]\OT1/cmr/bx/n/12 Definition: \OT1/cmr/m/n/12 Con-verged in-fras-truc-ture in-
te-grates com-pute, stor-age, net-
 []


Overfull \hbox (1.05093pt too wide) in paragraph at lines 809--810
[]\OT1/cmr/bx/n/12 Management: \OT1/cmr/m/n/12 Cen-tral-ized man-age-ment sim-p
li-fies ad-min-is-tra-tion, but
 []


Overfull \hbox (0.61816pt too wide) in paragraph at lines 809--810
\OT1/cmr/m/n/12 each com-po-nent still re-quires spe-cific ex-per-tise for op-t
i-mal per-for-mance. 
 []


Overfull \hbox (0.71751pt too wide) in paragraph at lines 816--817
[]\OT1/cmr/bx/n/12 Definition: \OT1/cmr/m/n/12 Hyper-converged in-fras-truc-tur
e (HCI) in-te-grates com-pute,
 []

[31] [32] [33] [34] [35]
Overfull \hbox (0.64381pt too wide) in paragraph at lines 914--915
[]\OT1/cmr/bx/n/12 SKD (Semi Knock-down) As-sem-bly: \OT1/cmr/m/n/12 This in-vo
lves as-sem-bling com-
 []

[36]
Overfull \hbox (5.23105pt too wide) in paragraph at lines 933--934
[]\OT1/cmr/bx/n/12 Line-of-Sight Com-mu-ni-ca-tion: \OT1/cmr/m/n/12 Mi-crowave 
sig-nals travel in a straight
 []

[37]
Overfull \hbox (1.72787pt too wide) in paragraph at lines 952--953
\OT1/cmr/m/n/12 width ca-pac-ity, ca-pa-ble of sup-port-ing high-speed in-ter-n
et, video stream-
 []


Overfull \hbox (11.96193pt too wide) in paragraph at lines 955--956
[]\OT1/cmr/bx/n/12 Applications: \OT1/cmr/m/n/12 Back-bone net-works, metropoli
-tan area net-works (MANs),
 []

[38]
Chapter 4.

Overfull \hbox (36.67767pt too wide) in paragraph at lines 970--970
|[]\OT1/cmr/bx/n/24.88 Summary, Con-clu-sion, and Rec-
 []

[39

] [40


pdfTeX warning (ext4): destination with the same identifier (name{cite.ceo}) ha
s been already used, duplicate ignored
<argument> ...shipout:D \box_use:N \l_shipout_box 
                                                  \__shipout_drop_firstpage_...
l.1023 \end{document}
                     ] (Prototype2.aux)
 ***********
LaTeX2e <2023-11-01> patch level 1
L3 programming layer <2024-01-04>
 ***********


LaTeX Warning: There were multiply-defined labels.

Package rerunfilecheck Info: File `Prototype2.out' has not changed.
(rerunfilecheck)             Checksum: 502A6A7C1A305465DA047025926EB281;20140.
 ) 
Here is how much of TeX's memory you used:
 9661 strings out of 474486
 149801 string characters out of 5741867
 1941542 words of memory out of 5000000
 31684 multiletter control sequences out of 15000+600000
 565643 words of font info for 63 fonts, out of 8000000 for 9000
 1141 hyphenation exceptions out of 8191
 75i,7n,79p,637b,513s stack positions out of 10000i,1000n,20000p,200000b,200000s
 <C:\Users\Fulfilled\AppData\Local\MiKTeX\fonts/pk/ljfour/jknappen/ec/dpi600\
tcrm1200.pk><C:/Users/Fulfilled/AppData/Local/Programs/MiKTeX/fonts/type1/publi
c/amsfonts/cm/cmbx12.pfb><C:/Users/Fulfilled/AppData/Local/Programs/MiKTeX/font
s/type1/public/amsfonts/cm/cmr12.pfb><C:/Users/Fulfilled/AppData/Local/Programs
/MiKTeX/fonts/type1/public/amsfonts/cm/cmr17.pfb><C:/Users/Fulfilled/AppData/Lo
cal/Programs/MiKTeX/fonts/type1/public/amsfonts/cm/cmtt12.pfb>
Output written on Prototype2.pdf (45 pages, 233206 bytes).
PDF statistics:
 852 PDF objects out of 1000 (max. 8388607)
 167 named destinations out of 1000 (max. 500000)
 937 words of extra memory for PDF output out of 10000 (max. 10000000)

