\BOOKMARK [0][-]{chapter.1}{\376\377\000I\000n\000t\000r\000o\000d\000u\000c\000t\000i\000o\000n}{}% 1
\BOOKMARK [1][-]{section.1.1}{\376\377\000D\000e\000f\000i\000n\000i\000t\000i\000o\000n\000\040\000a\000n\000d\000\040\000I\000m\000p\000o\000r\000t\000a\000n\000c\000e\000\040\000o\000f\000\040\000F\000i\000e\000l\000d\000\040\000T\000r\000i\000p\000s}{chapter.1}% 2
\BOOKMARK [1][-]{section.1.2}{\376\377\000I\000m\000p\000o\000r\000t\000a\000n\000c\000e\000\040\000f\000o\000r\000\040\000C\000o\000m\000p\000u\000t\000e\000r\000\040\000S\000c\000i\000e\000n\000c\000e\000\040\000U\000n\000d\000e\000r\000g\000r\000a\000d\000u\000a\000t\000e\000s}{chapter.1}% 3
\BOOKMARK [1][-]{section.1.3}{\376\377\000O\000b\000j\000e\000c\000t\000i\000v\000e\000s}{chapter.1}% 4
\BOOKMARK [1][-]{section.1.4}{\376\377\000M\000o\000d\000e\000\040\000o\000f\000\040\000S\000t\000u\000d\000y}{chapter.1}% 5
\BOOKMARK [0][-]{chapter.2}{\376\377\000O\000r\000g\000a\000n\000i\000z\000a\000t\000i\000o\000n}{}% 6
\BOOKMARK [1][-]{section.2.1}{\376\377\000H\000i\000s\000t\000o\000r\000y}{chapter.2}% 7
\BOOKMARK [1][-]{section.2.2}{\376\377\000I\000n\000t\000r\000o\000d\000u\000c\000t\000i\000o\000n\000\040\000b\000y\000\040\000M\000o\000n\000u\000\040\000M\000o\000s\000e\000s}{chapter.2}% 8
\BOOKMARK [2][-]{subsection.2.2.1}{\376\377\000F\000o\000u\000n\000d\000e\000r\000:\000\040\000A\000u\000s\000t\000i\000n\000\040\000O\000k\000e\000r\000e}{section.2.2}% 9
\BOOKMARK [2][-]{subsection.2.2.2}{\376\377\000C\000E\000O\000:\000\040\000A\000d\000e\000w\000a\000l\000e\000\040\000A\000d\000e\000y\000i\000p\000o}{section.2.2}% 10
\BOOKMARK [1][-]{section.2.3}{\376\377\000C\000o\000m\000p\000a\000n\000y\000\040\000O\000v\000e\000r\000v\000i\000e\000w}{chapter.2}% 11
\BOOKMARK [2][-]{subsection.2.3.1}{\376\377\000C\000o\000r\000e\000\040\000V\000a\000l\000u\000e\000s}{section.2.3}% 12
\BOOKMARK [2][-]{subsection.2.3.2}{\376\377\000S\000l\000o\000g\000a\000n}{section.2.3}% 13
\BOOKMARK [1][-]{section.2.4}{\376\377\000K\000e\000y\000\040\000M\000i\000l\000e\000s\000t\000o\000n\000e\000s}{chapter.2}% 14
\BOOKMARK [1][-]{section.2.5}{\376\377\000S\000u\000p\000p\000o\000r\000t\000\040\000P\000a\000r\000t\000n\000e\000r\000s}{chapter.2}% 15
\BOOKMARK [1][-]{section.2.6}{\376\377\000F\000i\000f\000t\000h\000\040\000L\000a\000b\000\040\000\050\000C\000W\000G\040\031\000s\000\040\000S\000o\000f\000t\000w\000a\000r\000e\000\040\000F\000i\000n\000t\000e\000c\000h\000\040\000D\000i\000v\000i\000s\000i\000o\000n\000\051}{chapter.2}% 16
\BOOKMARK [2][-]{subsection.2.6.1}{\376\377\000E\000s\000t\000a\000b\000l\000i\000s\000h\000m\000e\000n\000t\000\040\000a\000n\000d\000\040\000F\000o\000c\000u\000s}{section.2.6}% 17
\BOOKMARK [2][-]{subsection.2.6.2}{\376\377\000P\000r\000o\000d\000u\000c\000t\000\040\000D\000e\000v\000e\000l\000o\000p\000m\000e\000n\000t\000\040\000L\000i\000f\000e\000c\000y\000c\000l\000e}{section.2.6}% 18
\BOOKMARK [1][-]{section.2.7}{\376\377\000C\000o\000n\000c\000l\000u\000s\000i\000o\000n}{chapter.2}% 19
\BOOKMARK [1][-]{section.2.8}{\376\377\000P\000r\000o\000d\000u\000c\000t\000s}{chapter.2}% 20
\BOOKMARK [2][-]{subsection.2.8.1}{\376\377\000P\000r\000o\000d\000u\000c\000t\000\040\000C\000a\000t\000a\000l\000o\000g}{section.2.8}% 21
\BOOKMARK [1][-]{section.2.9}{\376\377\000F\000i\000n\000E\000d\000g\000e\000:\000\040\000C\000o\000m\000p\000r\000e\000h\000e\000n\000s\000i\000v\000e\000\040\000B\000a\000n\000k\000i\000n\000g\000\040\000S\000o\000f\000t\000w\000a\000r\000e\000\040\000S\000o\000l\000u\000t\000i\000o\000n\000\040\000b\000y\000\040\000C\000W\000G\000\040\000P\000L\000C}{chapter.2}% 22
\BOOKMARK [1][-]{section.2.10}{\376\377\000C\000o\000r\000e\000\040\000F\000e\000a\000t\000u\000r\000e\000s\000\040\000o\000f\000\040\000F\000i\000n\000E\000d\000g\000e}{chapter.2}% 23
\BOOKMARK [2][-]{subsection.2.10.1}{\376\377\000C\000u\000s\000t\000o\000m\000e\000r\000\040\000R\000e\000l\000a\000t\000i\000o\000n\000s\000h\000i\000p\000\040\000M\000a\000n\000a\000g\000e\000m\000e\000n\000t\000\040\000\050\000C\000R\000M\000\051}{section.2.10}% 24
\BOOKMARK [2][-]{subsection.2.10.2}{\376\377\000A\000c\000c\000o\000u\000n\000t\000\040\000M\000a\000n\000a\000g\000e\000m\000e\000n\000t}{section.2.10}% 25
\BOOKMARK [2][-]{subsection.2.10.3}{\376\377\000T\000r\000a\000n\000s\000a\000c\000t\000i\000o\000n\000\040\000P\000r\000o\000c\000e\000s\000s\000i\000n\000g}{section.2.10}% 26
\BOOKMARK [2][-]{subsection.2.10.4}{\376\377\000L\000e\000n\000d\000i\000n\000g\000\040\000a\000n\000d\000\040\000C\000r\000e\000d\000i\000t\000\040\000M\000a\000n\000a\000g\000e\000m\000e\000n\000t}{section.2.10}% 27
\BOOKMARK [2][-]{subsection.2.10.5}{\376\377\000T\000r\000e\000a\000s\000u\000r\000y\000\040\000a\000n\000d\000\040\000I\000n\000v\000e\000s\000t\000m\000e\000n\000t\000\040\000M\000a\000n\000a\000g\000e\000m\000e\000n\000t}{section.2.10}% 28
\BOOKMARK [2][-]{subsection.2.10.6}{\376\377\000C\000o\000m\000p\000l\000i\000a\000n\000c\000e\000\040\000a\000n\000d\000\040\000R\000i\000s\000k\000\040\000M\000a\000n\000a\000g\000e\000m\000e\000n\000t}{section.2.10}% 29
\BOOKMARK [2][-]{subsection.2.10.7}{\376\377\000A\000n\000a\000l\000y\000t\000i\000c\000s\000\040\000a\000n\000d\000\040\000R\000e\000p\000o\000r\000t\000i\000n\000g}{section.2.10}% 30
\BOOKMARK [2][-]{subsection.2.10.8}{\376\377\000S\000e\000c\000u\000r\000i\000t\000y\000\040\000a\000n\000d\000\040\000F\000r\000a\000u\000d\000\040\000P\000r\000e\000v\000e\000n\000t\000i\000o\000n}{section.2.10}% 31
\BOOKMARK [2][-]{subsection.2.10.9}{\376\377\000D\000i\000g\000i\000t\000a\000l\000\040\000B\000a\000n\000k\000i\000n\000g\000\040\000S\000o\000l\000u\000t\000i\000o\000n\000s}{section.2.10}% 32
\BOOKMARK [1][-]{section.2.11}{\376\377\000B\000e\000n\000e\000f\000i\000t\000s\000\040\000o\000f\000\040\000U\000s\000i\000n\000g\000\040\000F\000i\000n\000E\000d\000g\000e}{chapter.2}% 33
\BOOKMARK [1][-]{section.2.12}{\376\377\000K\000u\000l\000e\000a\000n\000P\000a\000y\000:\000\040\000A\000d\000v\000a\000n\000c\000e\000d\000\040\000F\000r\000a\000u\000d\000\040\000P\000r\000e\000v\000e\000n\000t\000i\000o\000n\000\040\000S\000o\000l\000u\000t\000i\000o\000n}{chapter.2}% 34
\BOOKMARK [1][-]{section.2.13}{\376\377\000C\000o\000r\000e\000\040\000F\000e\000a\000t\000u\000r\000e\000s\000\040\000o\000f\000\040\000K\000u\000l\000e\000a\000n\000P\000a\000y}{chapter.2}% 35
\BOOKMARK [2][-]{subsection.2.13.1}{\376\377\000R\000e\000a\000l\000-\000T\000i\000m\000e\000\040\000F\000r\000a\000u\000d\000\040\000D\000e\000t\000e\000c\000t\000i\000o\000n}{section.2.13}% 36
\BOOKMARK [2][-]{subsection.2.13.2}{\376\377\000U\000s\000e\000r\000\040\000A\000u\000t\000h\000e\000n\000t\000i\000c\000a\000t\000i\000o\000n}{section.2.13}% 37
\BOOKMARK [2][-]{subsection.2.13.3}{\376\377\000A\000l\000e\000r\000t\000\040\000a\000n\000d\000\040\000N\000o\000t\000i\000f\000i\000c\000a\000t\000i\000o\000n\000\040\000S\000y\000s\000t\000e\000m}{section.2.13}% 38
\BOOKMARK [2][-]{subsection.2.13.4}{\376\377\000R\000i\000s\000k\000\040\000A\000s\000s\000e\000s\000s\000m\000e\000n\000t}{section.2.13}% 39
\BOOKMARK [2][-]{subsection.2.13.5}{\376\377\000R\000e\000p\000o\000r\000t\000i\000n\000g\000\040\000a\000n\000d\000\040\000A\000n\000a\000l\000y\000t\000i\000c\000s}{section.2.13}% 40
\BOOKMARK [1][-]{section.2.14}{\376\377\000B\000e\000n\000e\000f\000i\000t\000s\000\040\000o\000f\000\040\000U\000s\000i\000n\000g\000\040\000K\000u\000l\000e\000a\000n\000P\000a\000y}{chapter.2}% 41
\BOOKMARK [2][-]{subsection.2.14.1}{\376\377\000E\000n\000h\000a\000n\000c\000e\000d\000\040\000S\000e\000c\000u\000r\000i\000t\000y}{section.2.14}% 42
\BOOKMARK [2][-]{subsection.2.14.2}{\376\377\000I\000m\000p\000r\000o\000v\000e\000d\000\040\000U\000s\000e\000r\000\040\000T\000r\000u\000s\000t}{section.2.14}% 43
\BOOKMARK [2][-]{subsection.2.14.3}{\376\377\000O\000p\000e\000r\000a\000t\000i\000o\000n\000a\000l\000\040\000E\000f\000f\000i\000c\000i\000e\000n\000c\000y}{section.2.14}% 44
\BOOKMARK [1][-]{section.2.15}{\376\377\000B\000i\000l\000l\000s\000n\000P\000a\000y\000:\000\040\000C\000o\000m\000p\000r\000e\000h\000e\000n\000s\000i\000v\000e\000\040\000A\000i\000r\000t\000i\000m\000e\000\040\000V\000e\000n\000d\000i\000n\000g\000\040\000P\000l\000a\000t\000f\000o\000r\000m}{chapter.2}% 45
\BOOKMARK [1][-]{section.2.16}{\376\377\000C\000o\000r\000e\000\040\000F\000e\000a\000t\000u\000r\000e\000s\000\040\000o\000f\000\040\000B\000i\000l\000l\000s\000n\000P\000a\000y}{chapter.2}% 46
\BOOKMARK [2][-]{subsection.2.16.1}{\376\377\000M\000o\000b\000i\000l\000e\000\040\000T\000o\000p\000-\000U\000p\000\040\000S\000e\000r\000v\000i\000c\000e\000s}{section.2.16}% 47
\BOOKMARK [2][-]{subsection.2.16.2}{\376\377\000U\000s\000e\000r\000-\000F\000r\000i\000e\000n\000d\000l\000y\000\040\000I\000n\000t\000e\000r\000f\000a\000c\000e}{section.2.16}% 48
\BOOKMARK [2][-]{subsection.2.16.3}{\376\377\000P\000a\000y\000m\000e\000n\000t\000\040\000O\000p\000t\000i\000o\000n\000s}{section.2.16}% 49
\BOOKMARK [2][-]{subsection.2.16.4}{\376\377\000T\000r\000a\000n\000s\000a\000c\000t\000i\000o\000n\000\040\000H\000i\000s\000t\000o\000r\000y}{section.2.16}% 50
\BOOKMARK [2][-]{subsection.2.16.5}{\376\377\000P\000r\000o\000m\000o\000t\000i\000o\000n\000s\000\040\000a\000n\000d\000\040\000D\000i\000s\000c\000o\000u\000n\000t\000s}{section.2.16}% 51
\BOOKMARK [1][-]{section.2.17}{\376\377\000B\000e\000n\000e\000f\000i\000t\000s\000\040\000o\000f\000\040\000U\000s\000i\000n\000g\000\040\000B\000i\000l\000l\000s\000n\000P\000a\000y}{chapter.2}% 52
\BOOKMARK [2][-]{subsection.2.17.1}{\376\377\000C\000o\000n\000v\000e\000n\000i\000e\000n\000c\000e}{section.2.17}% 53
\BOOKMARK [2][-]{subsection.2.17.2}{\376\377\000W\000i\000d\000e\000\040\000N\000e\000t\000w\000o\000r\000k\000\040\000C\000o\000v\000e\000r\000a\000g\000e}{section.2.17}% 54
\BOOKMARK [2][-]{subsection.2.17.3}{\376\377\000E\000n\000h\000a\000n\000c\000e\000d\000\040\000S\000e\000c\000u\000r\000i\000t\000y}{section.2.17}% 55
\BOOKMARK [2][-]{subsection.2.17.4}{\376\377\000C\000u\000s\000t\000o\000m\000e\000r\000\040\000S\000a\000t\000i\000s\000f\000a\000c\000t\000i\000o\000n}{section.2.17}% 56
\BOOKMARK [1][-]{section.2.18}{\376\377\000S\000M\000E\000R\000P\000\040\000\046\000\040\000S\000M\000E\000R\000P\000\040\000G\000o\000:\000\040\000C\000o\000m\000p\000r\000e\000h\000e\000n\000s\000i\000v\000e\000\040\000E\000n\000t\000e\000r\000p\000r\000i\000s\000e\000\040\000R\000e\000s\000o\000u\000r\000c\000e\000\040\000P\000l\000a\000n\000n\000i\000n\000g\000\040\000P\000l\000a\000t\000f\000o\000r\000m\000s}{chapter.2}% 57
\BOOKMARK [1][-]{section.2.19}{\376\377\000C\000o\000r\000e\000\040\000F\000e\000a\000t\000u\000r\000e\000s\000\040\000o\000f\000\040\000S\000M\000E\000R\000P}{chapter.2}% 58
\BOOKMARK [2][-]{subsection.2.19.1}{\376\377\000I\000n\000v\000e\000n\000t\000o\000r\000y\000\040\000M\000a\000n\000a\000g\000e\000m\000e\000n\000t}{section.2.19}% 59
\BOOKMARK [2][-]{subsection.2.19.2}{\376\377\000S\000a\000l\000e\000s\000\040\000M\000a\000n\000a\000g\000e\000m\000e\000n\000t}{section.2.19}% 60
\BOOKMARK [2][-]{subsection.2.19.3}{\376\377\000F\000i\000n\000a\000n\000c\000i\000a\000l\000\040\000M\000a\000n\000a\000g\000e\000m\000e\000n\000t}{section.2.19}% 61
\BOOKMARK [2][-]{subsection.2.19.4}{\376\377\000H\000u\000m\000a\000n\000\040\000R\000e\000s\000o\000u\000r\000c\000e\000s\000\040\000M\000a\000n\000a\000g\000e\000m\000e\000n\000t}{section.2.19}% 62
\BOOKMARK [2][-]{subsection.2.19.5}{\376\377\000S\000u\000p\000p\000l\000y\000\040\000C\000h\000a\000i\000n\000\040\000M\000a\000n\000a\000g\000e\000m\000e\000n\000t}{section.2.19}% 63
\BOOKMARK [2][-]{subsection.2.19.6}{\376\377\000R\000e\000p\000o\000r\000t\000i\000n\000g\000\040\000a\000n\000d\000\040\000A\000n\000a\000l\000y\000t\000i\000c\000s}{section.2.19}% 64
\BOOKMARK [1][-]{section.2.20}{\376\377\000C\000o\000r\000e\000\040\000F\000e\000a\000t\000u\000r\000e\000s\000\040\000o\000f\000\040\000S\000M\000E\000R\000P\000\040\000G\000o}{chapter.2}% 65
\BOOKMARK [2][-]{subsection.2.20.1}{\376\377\000S\000t\000r\000e\000a\000m\000l\000i\000n\000e\000d\000\040\000B\000u\000s\000i\000n\000e\000s\000s\000\040\000M\000a\000n\000a\000g\000e\000m\000e\000n\000t}{section.2.20}% 66
\BOOKMARK [2][-]{subsection.2.20.2}{\376\377\000S\000c\000a\000l\000a\000b\000i\000l\000i\000t\000y}{section.2.20}% 67
\BOOKMARK [2][-]{subsection.2.20.3}{\376\377\000C\000l\000o\000u\000d\000\040\000I\000n\000t\000e\000g\000r\000a\000t\000i\000o\000n}{section.2.20}% 68
\BOOKMARK [1][-]{section.2.21}{\376\377\000B\000e\000n\000e\000f\000i\000t\000s\000\040\000o\000f\000\040\000U\000s\000i\000n\000g\000\040\000S\000M\000E\000R\000P\000\040\000\046\000\040\000S\000M\000E\000R\000P\000\040\000G\000o}{chapter.2}% 69
\BOOKMARK [2][-]{subsection.2.21.1}{\376\377\000O\000p\000e\000r\000a\000t\000i\000o\000n\000a\000l\000\040\000E\000f\000f\000i\000c\000i\000e\000n\000c\000y}{section.2.21}% 70
\BOOKMARK [2][-]{subsection.2.21.2}{\376\377\000I\000n\000f\000o\000r\000m\000e\000d\000\040\000D\000e\000c\000i\000s\000i\000o\000n\000-\000M\000a\000k\000i\000n\000g}{section.2.21}% 71
\BOOKMARK [2][-]{subsection.2.21.3}{\376\377\000S\000c\000a\000l\000a\000b\000i\000l\000i\000t\000y\000\040\000a\000n\000d\000\040\000F\000l\000e\000x\000i\000b\000i\000l\000i\000t\000y}{section.2.21}% 72
\BOOKMARK [2][-]{subsection.2.21.4}{\376\377\000C\000o\000s\000t\000\040\000S\000a\000v\000i\000n\000g\000s}{section.2.21}% 73
\BOOKMARK [1][-]{section.2.22}{\376\377\000U\000C\000P\000\040\000\050\000U\000n\000i\000f\000i\000e\000d\000\040\000C\000o\000o\000p\000e\000r\000a\000t\000i\000n\000g\000\040\000P\000l\000a\000t\000f\000o\000r\000m\000\051}{chapter.2}% 74
\BOOKMARK [2][-]{subsection.2.22.1}{\376\377\000O\000v\000e\000r\000v\000i\000e\000w\000\040\000o\000f\000\040\000U\000C\000P}{section.2.22}% 75
\BOOKMARK [2][-]{subsection.2.22.2}{\376\377\000C\000o\000r\000e\000\040\000F\000e\000a\000t\000u\000r\000e\000s\000\040\000o\000f\000\040\000U\000C\000P}{section.2.22}% 76
\BOOKMARK [2][-]{subsection.2.22.3}{\376\377\000B\000e\000n\000e\000f\000i\000t\000s\000\040\000o\000f\000\040\000U\000s\000i\000n\000g\000\040\000U\000C\000P}{section.2.22}% 77
\BOOKMARK [1][-]{section.2.23}{\376\377\000G\000a\000m\000i\000n\000g}{chapter.2}% 78
\BOOKMARK [2][-]{subsection.2.23.1}{\376\377\000O\000v\000e\000r\000v\000i\000e\000w\000\040\000o\000f\000\040\000G\000a\000m\000i\000n\000g}{section.2.23}% 79
\BOOKMARK [2][-]{subsection.2.23.2}{\376\377\000C\000o\000r\000e\000\040\000F\000e\000a\000t\000u\000r\000e\000s\000\040\000o\000f\000\040\000G\000a\000m\000i\000n\000g}{section.2.23}% 80
\BOOKMARK [2][-]{subsection.2.23.3}{\376\377\000B\000e\000n\000e\000f\000i\000t\000s\000\040\000o\000f\000\040\000U\000s\000i\000n\000g\000\040\000G\000a\000m\000i\000n\000g}{section.2.23}% 81
\BOOKMARK [0][-]{chapter.3}{\376\377\000D\000i\000s\000c\000u\000s\000s\000i\000o\000n}{}% 82
\BOOKMARK [1][-]{section.3.1}{\376\377\000U\000n\000d\000e\000r\000s\000t\000a\000n\000d\000i\000n\000g\000\040\000t\000h\000e\000\040\000S\000t\000r\000u\000c\000t\000u\000r\000e\000\040\000o\000f\000\040\000C\000W\000G\000\040\000P\000L\000C}{chapter.3}% 83
\BOOKMARK [2][-]{subsection.3.1.1}{\376\377\000C\000W\000L\000\040\000S\000y\000s\000t\000e\000m\000s}{section.3.1}% 84
\BOOKMARK [2][-]{subsection.3.1.2}{\376\377\000D\000C\000C\000\040\000N\000e\000t\000w\000o\000r\000k\000s}{section.3.1}% 85
\BOOKMARK [2][-]{subsection.3.1.3}{\376\377\000E\000x\000p\000e\000r\000t\000\040\000E\000d\000g\000e\000\040\000S\000o\000f\000t\000w\000a\000r\000e}{section.3.1}% 86
\BOOKMARK [1][-]{section.3.2}{\376\377\000C\000o\000n\000c\000l\000u\000s\000i\000o\000n}{chapter.3}% 87
\BOOKMARK [1][-]{section.3.3}{\376\377\000C\000W\000G\000\040\000A\000c\000a\000d\000e\000m\000y}{chapter.3}% 88
\BOOKMARK [2][-]{subsection.3.3.1}{\376\377\000T\000o\000p\000i\000c\000s\000\040\000C\000o\000v\000e\000r\000e\000d}{section.3.3}% 89
\BOOKMARK [1][-]{section.3.4}{\376\377\000K\000e\000y\000\040\000I\000n\000s\000i\000g\000h\000t\000s\000\040\000f\000r\000o\000m\000\040\000M\000r\000.\000\040\000D\000a\000n\000i\000e\000l\000\040\000O\000d\000i\000g\000b\000o\000,\000\040\000S\000e\000n\000i\000o\000r\000\040\000S\000o\000f\000t\000w\000a\000r\000e\000\040\000D\000e\000v\000e\000l\000o\000p\000e\000r}{chapter.3}% 90
\BOOKMARK [1][-]{section.3.5}{\376\377\000D\000a\000t\000a\000b\000a\000s\000e\000\040\000L\000a\000n\000g\000u\000a\000g\000e\000s}{chapter.3}% 91
\BOOKMARK [2][-]{subsection.3.5.1}{\376\377\000L\000a\000n\000g\000u\000a\000g\000e\000s}{section.3.5}% 92
\BOOKMARK [1][-]{section.3.6}{\376\377\000S\000Q\000L\000\040\000U\000s\000a\000g\000e}{chapter.3}% 93
\BOOKMARK [2][-]{subsection.3.6.1}{\376\377\000F\000e\000t\000c\000h\000i\000n\000g\000\040\000R\000e\000c\000o\000r\000d\000s}{section.3.6}% 94
\BOOKMARK [2][-]{subsection.3.6.2}{\376\377\000W\000r\000i\000t\000i\000n\000g\000\040\000I\000n\000s\000e\000r\000t\000\040\000Q\000u\000e\000r\000i\000e\000s}{section.3.6}% 95
\BOOKMARK [1][-]{section.3.7}{\376\377\000P\000L\000S\000Q\000L\000\040\000U\000s\000a\000g\000e}{chapter.3}% 96
\BOOKMARK [2][-]{subsection.3.7.1}{\376\377\000C\000o\000m\000p\000l\000e\000x\000\040\000T\000r\000a\000n\000s\000a\000c\000t\000i\000o\000n\000s}{section.3.7}% 97
\BOOKMARK [2][-]{subsection.3.7.2}{\376\377\000A\000d\000v\000a\000n\000c\000e\000d\000\040\000D\000a\000t\000a\000\040\000M\000a\000n\000i\000p\000u\000l\000a\000t\000i\000o\000n}{section.3.7}% 98
\BOOKMARK [1][-]{section.3.8}{\376\377\000C\000l\000o\000u\000d\000\040\000C\000o\000m\000p\000u\000t\000i\000n\000g}{chapter.3}% 99
\BOOKMARK [2][-]{subsection.3.8.1}{\376\377\000D\000i\000f\000f\000e\000r\000e\000n\000c\000e\000s}{section.3.8}% 100
\BOOKMARK [1][-]{section.3.9}{\376\377\000D\000a\000t\000a\000\040\000C\000e\000n\000t\000e\000r}{chapter.3}% 101
\BOOKMARK [2][-]{subsection.3.9.1}{\376\377\000C\000o\000m\000p\000o\000n\000e\000n\000t\000s}{section.3.9}% 102
\BOOKMARK [2][-]{subsection.3.9.2}{\376\377\000O\000p\000e\000r\000a\000t\000i\000o\000n\000s}{section.3.9}% 103
\BOOKMARK [1][-]{section.3.10}{\376\377\000N\000e\000t\000w\000o\000r\000k\000\040\000O\000p\000e\000r\000a\000t\000i\000o\000n\000\040\000C\000e\000n\000t\000e\000r\000\040\000\050\000N\000O\000C\000\051}{chapter.3}% 104
\BOOKMARK [2][-]{subsection.3.10.1}{\376\377\000R\000o\000l\000e\000s}{section.3.10}% 105
\BOOKMARK [1][-]{section.3.11}{\376\377\000C\000a\000r\000e\000e\000r\000s}{chapter.3}% 106
\BOOKMARK [2][-]{subsection.3.11.1}{\376\377\000N\000e\000t\000w\000o\000r\000k\000\040\000E\000n\000g\000i\000n\000e\000e\000r\000s}{section.3.11}% 107
\BOOKMARK [2][-]{subsection.3.11.2}{\376\377\000D\000a\000t\000a\000\040\000C\000e\000n\000t\000e\000r\000\040\000R\000o\000l\000e\000s}{section.3.11}% 108
\BOOKMARK [1][-]{section.3.12}{\376\377\000T\000e\000s\000t\000\040\000B\000e\000n\000c\000h}{chapter.3}% 109
\BOOKMARK [2][-]{subsection.3.12.1}{\376\377\000P\000r\000e\000p\000a\000i\000d\000\040\000E\000n\000e\000r\000g\000y\000\040\000M\000e\000t\000e\000r\000s}{section.3.12}% 110
\BOOKMARK [1][-]{section.3.13}{\376\377\000T\000e\000c\000h\000n\000o\000l\000o\000g\000y}{chapter.3}% 111
\BOOKMARK [2][-]{subsection.3.13.1}{\376\377\000M\000i\000c\000r\000o\000w\000a\000v\000e\000,\000\040\000V\000S\000A\000T\000,\000\040\000a\000n\000d\000\040\000F\000i\000b\000e\000r\000\040\000T\000e\000c\000h\000n\000o\000l\000o\000g\000i\000e\000s}{section.3.13}% 112
\BOOKMARK [2][-]{subsection.3.13.2}{\376\377\000D\000i\000s\000h\000\040\000F\000a\000r\000m}{section.3.13}% 113
\BOOKMARK [0][-]{chapter.4}{\376\377\000S\000u\000m\000m\000a\000r\000y\000,\000\040\000C\000o\000n\000c\000l\000u\000s\000i\000o\000n\000,\000\040\000a\000n\000d\000\040\000R\000e\000c\000o\000m\000m\000e\000n\000d\000a\000t\000i\000o\000n}{}% 114
\BOOKMARK [1][-]{section.4.1}{\376\377\000S\000u\000m\000m\000a\000r\000y}{chapter.4}% 115
\BOOKMARK [1][-]{section.4.2}{\376\377\000C\000o\000n\000c\000l\000u\000s\000i\000o\000n}{chapter.4}% 116
\BOOKMARK [1][-]{section.4.3}{\376\377\000R\000e\000c\000o\000m\000m\000e\000n\000d\000a\000t\000i\000o\000n}{chapter.4}% 117
